GC Precious Log:
 CardTable entry size: 512
 Card Set container configuration: InlinePtr #cards 5 size 8 Array Of Cards #cards 12 size 40 Howl #buckets 4 coarsen threshold 1843 Howl Bitmap #cards 512 size 80 coarsen threshold 460 Card regions per heap region 1 cards per card region 2048
 CPUs: 8 total, 8 available
 Memory: 7914M
 Large Page Support: Disabled
 NUMA Support: Disabled
 Compressed Oops: Enabled (32-bit)
 Heap Region Size: 1M
 Heap Min Capacity: 8M
 Heap Initial Capacity: 124M
 Heap Max Capacity: 1980M
 Pre-touch: Disabled
 Parallel Workers: 8
 Concurrent Workers: 2
 Concurrent Refinement Workers: 8
 Periodic GC: Disabled
Heap:
 garbage-first heap   total 79872K, used 62889K [0x0000000084400000, 0x0000000100000000)
  region size 1024K, 25 young (25600K), 4 survivors (4096K)
 Metaspace       used 96640K, committed 97216K, reserved 1179648K
  class space    used 13126K, committed 13376K, reserved 1048576K
GC Heap History (20 events):
Event: 6.973 GC heap before
{Heap before GC invocations=10 (full 0):
 garbage-first heap   total 66560K, used 57117K [0x0000000084400000, 0x0000000100000000)
  region size 1024K, 36 young (36864K), 4 survivors (4096K)
 Metaspace       used 55563K, committed 56192K, reserved 1114112K
  class space    used 7361K, committed 7616K, reserved 1048576K
}
Event: 6.989 GC heap after
{Heap after GC invocations=11 (full 0):
 garbage-first heap   total 66560K, used 27025K [0x0000000084400000, 0x0000000100000000)
  region size 1024K, 4 young (4096K), 4 survivors (4096K)
 Metaspace       used 55563K, committed 56192K, reserved 1114112K
  class space    used 7361K, committed 7616K, reserved 1048576K
}
Event: 7.430 GC heap before
{Heap before GC invocations=11 (full 0):
 garbage-first heap   total 66560K, used 43409K [0x0000000084400000, 0x0000000100000000)
  region size 1024K, 21 young (21504K), 4 survivors (4096K)
 Metaspace       used 59857K, committed 60416K, reserved 1114112K
  class space    used 7896K, committed 8128K, reserved 1048576K
}
Event: 7.439 GC heap after
{Heap after GC invocations=12 (full 0):
 garbage-first heap   total 66560K, used 27955K [0x0000000084400000, 0x0000000100000000)
  region size 1024K, 2 young (2048K), 2 survivors (2048K)
 Metaspace       used 59857K, committed 60416K, reserved 1114112K
  class space    used 7896K, committed 8128K, reserved 1048576K
}
Event: 8.208 GC heap before
{Heap before GC invocations=13 (full 0):
 garbage-first heap   total 66560K, used 56627K [0x0000000084400000, 0x0000000100000000)
  region size 1024K, 31 young (31744K), 2 survivors (2048K)
 Metaspace       used 68005K, committed 68608K, reserved 1114112K
  class space    used 9146K, committed 9408K, reserved 1048576K
}
Event: 8.214 GC heap after
{Heap after GC invocations=14 (full 0):
 garbage-first heap   total 66560K, used 29323K [0x0000000084400000, 0x0000000100000000)
  region size 1024K, 3 young (3072K), 3 survivors (3072K)
 Metaspace       used 68005K, committed 68608K, reserved 1114112K
  class space    used 9146K, committed 9408K, reserved 1048576K
}
Event: 9.168 GC heap before
{Heap before GC invocations=14 (full 0):
 garbage-first heap   total 66560K, used 59019K [0x0000000084400000, 0x0000000100000000)
  region size 1024K, 32 young (32768K), 3 survivors (3072K)
 Metaspace       used 73704K, committed 74368K, reserved 1114112K
  class space    used 9990K, committed 10304K, reserved 1048576K
}
Event: 9.180 GC heap after
{Heap after GC invocations=15 (full 0):
 garbage-first heap   total 66560K, used 30939K [0x0000000084400000, 0x0000000100000000)
  region size 1024K, 4 young (4096K), 4 survivors (4096K)
 Metaspace       used 73704K, committed 74368K, reserved 1114112K
  class space    used 9990K, committed 10304K, reserved 1048576K
}
Event: 9.950 GC heap before
{Heap before GC invocations=15 (full 0):
 garbage-first heap   total 66560K, used 57563K [0x0000000084400000, 0x0000000100000000)
  region size 1024K, 30 young (30720K), 4 survivors (4096K)
 Metaspace       used 77548K, committed 78272K, reserved 1179648K
  class space    used 10443K, committed 10752K, reserved 1048576K
}
Event: 9.958 GC heap after
{Heap after GC invocations=16 (full 0):
 garbage-first heap   total 66560K, used 33942K [0x0000000084400000, 0x0000000100000000)
  region size 1024K, 4 young (4096K), 4 survivors (4096K)
 Metaspace       used 77548K, committed 78272K, reserved 1179648K
  class space    used 10443K, committed 10752K, reserved 1048576K
}
Event: 10.700 GC heap before
{Heap before GC invocations=16 (full 0):
 garbage-first heap   total 66560K, used 57494K [0x0000000084400000, 0x0000000100000000)
  region size 1024K, 27 young (27648K), 4 survivors (4096K)
 Metaspace       used 80501K, committed 81280K, reserved 1179648K
  class space    used 10852K, committed 11200K, reserved 1048576K
}
Event: 10.706 GC heap after
{Heap after GC invocations=17 (full 0):
 garbage-first heap   total 66560K, used 36117K [0x0000000084400000, 0x0000000100000000)
  region size 1024K, 2 young (2048K), 2 survivors (2048K)
 Metaspace       used 80501K, committed 81280K, reserved 1179648K
  class space    used 10852K, committed 11200K, reserved 1048576K
}
Event: 92.695 GC heap before
{Heap before GC invocations=18 (full 0):
 garbage-first heap   total 66560K, used 59669K [0x0000000084400000, 0x0000000100000000)
  region size 1024K, 25 young (25600K), 2 survivors (2048K)
 Metaspace       used 84905K, committed 85760K, reserved 1179648K
  class space    used 11511K, committed 11904K, reserved 1048576K
}
Event: 92.715 GC heap after
{Heap after GC invocations=19 (full 0):
 garbage-first heap   total 66560K, used 38248K [0x0000000084400000, 0x0000000100000000)
  region size 1024K, 4 young (4096K), 4 survivors (4096K)
 Metaspace       used 84905K, committed 85760K, reserved 1179648K
  class space    used 11511K, committed 11904K, reserved 1048576K
}
Event: 93.970 GC heap before
{Heap before GC invocations=19 (full 0):
 garbage-first heap   total 66560K, used 56680K [0x0000000084400000, 0x0000000100000000)
  region size 1024K, 23 young (23552K), 4 survivors (4096K)
 Metaspace       used 89143K, committed 89984K, reserved 1179648K
  class space    used 12338K, committed 12736K, reserved 1048576K
}
Event: 93.984 GC heap after
{Heap after GC invocations=20 (full 0):
 garbage-first heap   total 66560K, used 40159K [0x0000000084400000, 0x0000000100000000)
  region size 1024K, 3 young (3072K), 3 survivors (3072K)
 Metaspace       used 89143K, committed 89984K, reserved 1179648K
  class space    used 12338K, committed 12736K, reserved 1048576K
}
Event: 3379.532 GC heap before
{Heap before GC invocations=20 (full 0):
 garbage-first heap   total 66560K, used 57567K [0x0000000084400000, 0x0000000100000000)
  region size 1024K, 21 young (21504K), 3 survivors (3072K)
 Metaspace       used 92498K, committed 93376K, reserved 1179648K
  class space    used 12699K, committed 13120K, reserved 1048576K
}
Event: 3379.621 GC heap after
{Heap after GC invocations=21 (full 0):
 garbage-first heap   total 79872K, used 41627K [0x0000000084400000, 0x0000000100000000)
  region size 1024K, 2 young (2048K), 2 survivors (2048K)
 Metaspace       used 92498K, committed 93376K, reserved 1179648K
  class space    used 12699K, committed 13120K, reserved 1048576K
}
Event: 7855.554 GC heap before
{Heap before GC invocations=22 (full 0):
 garbage-first heap   total 79872K, used 70299K [0x0000000084400000, 0x0000000100000000)
  region size 1024K, 31 young (31744K), 2 survivors (2048K)
 Metaspace       used 96514K, committed 97088K, reserved 1179648K
  class space    used 13126K, committed 13376K, reserved 1048576K
}
Event: 7855.624 GC heap after
{Heap after GC invocations=23 (full 0):
 garbage-first heap   total 79872K, used 43433K [0x0000000084400000, 0x0000000100000000)
  region size 1024K, 4 young (4096K), 4 survivors (4096K)
 Metaspace       used 96514K, committed 97088K, reserved 1179648K
  class space    used 13126K, committed 13376K, reserved 1048576K
}

